/services
/products/category/clothing
/register
/services
/search?sort=price_desc&page=2
/register
/login
/api/users
/api/users
/products/category/clothing?sort=price_desc
/search
/home?q=search+term&page=2
/cart
/checkout?page=2&category=electronics
/about?page=2
/products
/products/category/electronics
/products/category/electronics
/?category=electronics&sort=price_desc&page=2
/register
/blog
/contact
/search
/cart
/home
/services
/contact
/blog
/products/category/clothing
/home
/home?category=electronics&page=2&sort=price_desc
/products?page=2&sort=price_desc
/blog?page=2
/products/category/electronics?category=electronics
/products
/products/category/clothing
/api/users?sort=price_desc&page=2
/blog
/services
/products/category/electronics?page=2
/search
/register
/login?sort=price_desc&page=2&q=search+term
/home
/products
/search?category=electronics
/about
/services?sort=price_desc&page=2&limit=20
/products?page=2&category=electronics&sort=price_desc
/login?q=search+term&category=electronics
/api/users
/products/category/electronics?page=2&category=electronics&sort=price_desc
/products/category/clothing
/login
/blog
/api/users
/about
/home
/cart
/checkout
/blog?category=electronics&q=search+term
/api/users
/blog
/register
/products
/checkout
/contact
/login
/services?category=electronics&sort=price_desc&q=search+term
/checkout
/products
/search?sort=price_desc&category=electronics
/products/category/electronics
/cart
/products/category/clothing?page=2&limit=20&q=search+term
/home
/home
/products?page=2
/contact
/products?sort=price_desc
/home?category=electronics&sort=price_desc
/contact?page=2
/home?page=2&category=electronics&q=search+term
/products/category/electronics
/blog?category=electronics&page=2&q=search+term
/about?page=2&category=electronics&limit=20
/services
/home
/login
/products?page=2&limit=20
/api/users
/login?page=2&category=electronics&sort=price_desc
/products
/cart?sort=price_desc
/search
/products/category/electronics?page=2&sort=price_desc
/about
/services
/services
/services?q=search+term&sort=price_desc
/products/category/clothing
/register
/cart
/products/category/electronics
/cart
/products/category/clothing
/blog
/register
/products
/products/category/clothing
/about?sort=price_desc&page=2
/services?category=electronics
/contact?page=2&sort=price_desc
/home
/cart
/api/users?category=electronics&page=2&sort=price_desc
/login
/checkout?category=electronics
/login
/contact
/search?sort=price_desc
/products/category/electronics?page=2&sort=price_desc
/products/category/clothing
/blog?category=electronics&sort=price_desc&limit=20
/search
/contact?sort=price_desc
/checkout?q=search+term&category=electronics
/blog
/blog
/?sort=price_desc&page=2&q=search+term
/products/category/clothing?page=2&sort=price_desc
/products/category/clothing
/blog
/contact?sort=price_desc
/products/category/electronics
/home?page=2&category=electronics
/?page=2&limit=20
/home
/register
/services?limit=20
/register
/login?q=search+term&page=2&sort=price_desc
/contact?sort=price_desc
/about
/search
/checkout
/products
/products/category/electronics?page=2
/checkout
/about
/cart?sort=price_desc
/blog
/about?page=2
/login
/about
/blog?category=electronics
/products
/contact?sort=price_desc&page=2
/register
/services?page=2&sort=price_desc&category=electronics
/checkout?sort=price_desc&category=electronics
/products?page=2
/contact
/home?sort=price_desc&category=electronics&q=search+term
/blog?sort=price_desc
/contact
/register
/login
/products/category/clothing?category=electronics&sort=price_desc&q=search+term
/products/category/electronics
/products
/api/users
/products/category/electronics
/blog
/services
/contact?page=2
/cart
/products/category/clothing
/products/category/electronics
/blog?category=electronics
/products/category/electronics
/blog
/products
/services
/search
/products/category/electronics?sort=price_desc
/contact?limit=20&q=search+term&category=electronics
/services
/cart
/login
/login
/services
/cart
/login?page=2&q=search+term&category=electronics
/products
/products/category/clothing
/checkout
/api/users
/products?sort=price_desc&category=electronics&page=2
/blog
/contact
/api/users?limit=20&category=electronics
/products/category/clothing
/api/users
/services?category=electronics&sort=price_desc
/contact
/login
/products
/products/category/electronics
/cart
/products?q=search+term
/checkout
/products/category/electronics
/home
/blog?sort=price_desc
/api/users
/contact
/blog?sort=price_desc&category=electronics
/blog
/cart
/register
/products/category/clothing?sort=price_desc&page=2&category=electronics
/contact
/about
/contact
/api/users
/api/users
/login
/login?category=electronics
/about
/checkout?category=electronics
/services?page=2&sort=price_desc
/blog
/register?page=2&category=electronics&q=search+term
/register?page=2&sort=price_desc
/login
/products
/home?category=electronics&q=search+term&limit=20
/products/category/electronics
/products
/login?page=2
/services?sort=price_desc&page=2&limit=20
/login?category=electronics
/login?category=electronics&q=search+term
/blog
/services?q=search+term
/products/category/clothing
/about
/about
/api/users?page=2&limit=20&q=search+term
/home?sort=price_desc
/checkout?q=search+term&page=2&sort=price_desc
/products?category=electronics&sort=price_desc
/contact
/register
/products/category/electronics
/checkout
/blog?sort=price_desc&page=2&limit=20
/register
/services?page=2
/home
/contact
/products/category/electronics
/login
/?category=electronics
/products/category/electronics
/search
/about
/blog
/checkout
/search?sort=price_desc
/cart
/about
/home?sort=price_desc
/register
/home
/services
/api/users?category=electronics
/search
/cart
/cart?page=2
/home
/about
/products
/search?sort=price_desc
/checkout?sort=price_desc
/home?page=2&sort=price_desc
/services
/products
/search
/cart?page=2
/services
/about
/api/users
/cart?category=electronics
/checkout?page=2
/products/category/electronics
/about
/services
/home
/login
/products/category/clothing?page=2&category=electronics&sort=price_desc
/services
/services
/cart?page=2&q=search+term&category=electronics
/search
/register?page=2&sort=price_desc
/api/users
/products/category/electronics
/contact
/api/users
/login
/home
/products
/search
/products/category/clothing
/about
/register
/home
/api/users
/products/category/electronics
/products
/products?sort=price_desc
/products/category/clothing?limit=20&sort=price_desc
/checkout
/checkout
/?sort=price_desc&category=electronics
/search?sort=price_desc&page=2&category=electronics
/products?sort=price_desc
/products/category/clothing
/home
/home
/products/category/electronics
/products/category/electronics
/products/category/electronics
/contact?limit=20&page=2&category=electronics
/search
/contact?category=electronics&page=2&sort=price_desc
/contact
/search?sort=price_desc&q=search+term
/products/category/clothing?page=2
/login
/about?sort=price_desc
/login?limit=20
/api/users?sort=price_desc
/products
/contact
/cart
/register
/about
/home
/contact
/api/users?sort=price_desc
/services?q=search+term&sort=price_desc
/blog
/contact?q=search+term
/api/users
/products/category/clothing
/services
/products/category/electronics
/home
/services?page=2&sort=price_desc&category=electronics
/checkout
/home?limit=20&sort=price_desc&page=2
/home
/home?sort=price_desc
/register?sort=price_desc
/cart
/login
/login?category=electronics&limit=20&sort=price_desc
/products/category/clothing
/api/users
/cart
/?sort=price_desc&page=2&category=electronics
/search
/blog
/contact
/cart?sort=price_desc&page=2
/products
/about?q=search+term&page=2
/products/category/clothing
/products/category/clothing
/products/category/clothing
/login?page=2
/services
/contact
/cart?category=electronics&page=2
/products/category/clothing
/checkout
/products?sort=price_desc&category=electronics
/products
/services
/services?limit=20
/contact
/login
/cart
/contact?sort=price_desc
/cart
/blog?page=2
/home?category=electronics
/products?sort=price_desc&page=2
/checkout?page=2
/login?limit=20&q=search+term&page=2
/register
/contact?page=2&category=electronics
/checkout
/products/category/clothing
/checkout?category=electronics&sort=price_desc
/about
/cart
/search
/contact?page=2&q=search+term
/register
/register?category=electronics&sort=price_desc
/products
/about
/register
/products/category/clothing
/products?page=2
/products/category/clothing
/register
/products
/api/users
/products/category/electronics
/checkout
/login
/search
/login
/home
/about
/register
/products
/login?sort=price_desc&q=search+term
/register?page=2
/cart
/home
/home
/cart?category=electronics
/services
/contact
/products/category/clothing
/register?page=2&sort=price_desc&category=electronics
/contact
/search
/blog
/api/users?category=electronics&page=2
/products/category/electronics?page=2&sort=price_desc&category=electronics
/api/users
/about
/contact?page=2&sort=price_desc
/cart
/register?category=electronics
/?page=2&sort=price_desc&category=electronics
/register?page=2&category=electronics
/contact
/products/category/electronics
/login
/api/users?page=2
/login?page=2&sort=price_desc&category=electronics
/blog
/about
/products/category/electronics
/services
/login
/login
/about
/checkout?category=electronics
/products/category/electronics?page=2&sort=price_desc
/products/category/clothing?sort=price_desc&q=search+term
/products/category/electronics
/contact
/checkout
/register?page=2
/about?sort=price_desc&page=2
/checkout?category=electronics&page=2&sort=price_desc
/products/category/electronics?limit=20&q=search+term
/home?category=electronics
/home
/contact
/contact
/checkout
/api/users
/checkout
/blog
/api/users
/services
/login
/cart?category=electronics
/products?page=2
/blog
/login
/api/users
/login
/contact
/checkout
/search
/products/category/clothing
/checkout
/register
/products/category/electronics?category=electronics
/login
/search
/about
/login
/about
/about
/checkout
/register
/products/category/clothing
/products/category/electronics
/products?sort=price_desc&page=2&q=search+term
/register
/cart
/search
/services
/register
/search?page=2
/login
/about
/home
/cart
/?sort=price_desc&page=2&category=electronics
/api/users
/products/category/clothing?sort=price_desc&page=2
/checkout
/products/category/electronics
/register
/products/category/clothing?page=2
/services
/checkout?page=2&sort=price_desc&q=search+term
/search
/products/category/electronics
/products/category/electronics
/contact
/products/category/electronics
/products/category/clothing
/api/users
/home?page=2&category=electronics
/?sort=price_desc
/products
/contact
/products/category/clothing
/home?category=electronics&sort=price_desc
/register
/products/category/electronics?page=2
/search?category=electronics&q=search+term
/products/category/clothing?page=2&q=search+term
/?sort=price_desc
/search
/checkout
/cart
/search
/products
/api/users
/home
/search
/api/users
/products/category/electronics
/cart
/api/users
/products/category/clothing
/search?sort=price_desc&q=search+term&page=2
/blog?page=2&q=search+term&category=electronics
/register?page=2&q=search+term&sort=price_desc
/products/category/clothing
/api/users
/search
/about
/register
/api/users?sort=price_desc&page=2
/home?category=electronics
/search?q=search+term
/checkout
/home
/login
/checkout
/products/category/clothing
/api/users
/services?category=electronics
/?page=2
/products/category/clothing
/home?q=search+term
/checkout?page=2
/checkout?sort=price_desc&category=electronics&limit=20
/api/users
/services?category=electronics&page=2
/products?sort=price_desc
/search
/home
/home
/login
/register?sort=price_desc&page=2
/services
/login
/services?sort=price_desc&page=2&q=search+term
/api/users?page=2&category=electronics&sort=price_desc
/products
/blog
/products/category/electronics
/services
/services
/checkout
/blog?sort=price_desc
/about?sort=price_desc
/api/users
/blog
/home?sort=price_desc
/login
/api/users
/login
/cart?page=2&category=electronics
/products
/cart
/home
/products
/register
/products/category/clothing
/products
/contact
/api/users
/search
/checkout?page=2&q=search+term
/blog?q=search+term&limit=20&sort=price_desc
/register
/services
/api/users
/register
/login
/products/category/electronics?sort=price_desc
/home?category=electronics&page=2&sort=price_desc
/blog
/search?sort=price_desc&category=electronics&page=2
/products/category/electronics
/api/users
/login?page=2&category=electronics&sort=price_desc
/services?page=2&category=electronics&limit=20
/home
/home
/?q=search+term&sort=price_desc
/search?q=search+term&sort=price_desc&page=2
/products
/blog
/search
/products/category/electronics
/services
/products/category/electronics
/home
/search
/products/category/electronics
/search?page=2
/services?limit=20&sort=price_desc&q=search+term
/services
/about
/products?sort=price_desc
/products/category/electronics
/checkout
/products
/products/category/clothing
/contact
/contact
/api/users?page=2&q=search+term&sort=price_desc
/about
/search
/products/category/electronics
/register
/about?q=search+term&page=2&category=electronics
/products/category/electronics
/search
/register
/contact
/api/users
/products/category/electronics
/products
/cart?sort=price_desc
/register
/register
/search
/api/users
/contact
/register
/search
/products/category/clothing?sort=price_desc&page=2
/services
/products/category/electronics?sort=price_desc
/cart
/products
/about
/about
/products
/search?q=search+term&category=electronics
/cart
/services
/search?limit=20&sort=price_desc&page=2
/services
/contact
/login
/?sort=price_desc&q=search+term
/products?sort=price_desc&page=2
/login
/home
/register
/about
/login
/search
/login
/products
/about
/products/category/electronics
/about
/home?page=2&sort=price_desc&category=electronics
/services
/home
/services
/cart?category=electronics&sort=price_desc
/home
/services
/home
/blog
/search
/login
/blog
/?page=2&sort=price_desc&limit=20
/contact
/about
/services?category=electronics&q=search+term
/register?category=electronics
/products/category/clothing
/search?sort=price_desc
/about
/about
/cart
/api/users?category=electronics&limit=20
/products/category/clothing
/about
/register
/products
/products
/about?page=2&sort=price_desc
/about
/blog?sort=price_desc
/cart
/register
/products/category/clothing
/home
/contact
/products/category/clothing
/login
/products?sort=price_desc&category=electronics&q=search+term
/about?page=2&sort=price_desc&q=search+term
/login?category=electronics&q=search+term
/products
/cart
/products/category/clothing
/products
/products/category/clothing
/login?limit=20&page=2
/register
/contact
/contact
/services?sort=price_desc&q=search+term
/products/category/clothing
/products
/api/users
/?page=2
/register?sort=price_desc
/search
/home
/products/category/clothing
/home
/products
/blog?limit=20
/search?category=electronics&page=2&sort=price_desc
/checkout?sort=price_desc&page=2&category=electronics
/contact?limit=20&page=2
/about
/services
/products/category/electronics
/cart
/login
/contact?page=2&sort=price_desc&q=search+term
/checkout?page=2&q=search+term&category=electronics
/?sort=price_desc&limit=20
/home
/blog?page=2
/contact
/register
/services
/blog
/contact
/about
/register
/blog?page=2&category=electronics&sort=price_desc
